<?xml version="1.0"?>
<testsuites>
<testsuite name="Root Suite" timestamp="2024-04-28T19:14:08" tests="0" file="cypress\e2e\spec.spec.js" time="0.000" failures="0"></testsuite>
<testsuite name="template spec" timestamp="2024-04-28T19:14:08" tests="1" time="1.891" failures="0">
  
  <testcase name="template spec passes" time="0.463" classname="passes"></testcase>
  
</testsuite>

<testsuite name="Root Suite" timestamp="2024-04-28T19:14:04" tests="0" file="cypress\e2e\secondTest.spec.js" time="0.000" failures="0"></testsuite>
<testsuite name="Test log out" timestamp="2024-04-28T19:14:04" tests="1" time="2.389" failures="0">
  
  <testcase name="Test log out verify use can log out successfully" time="2.362" classname="verify use can log out successfully"></testcase>
  
</testsuite>

<testsuite name="Root Suite" timestamp="2024-04-28T19:13:57" tests="0" file="cypress\e2e\firstTest.spec.js" time="0.000" failures="0"></testsuite>
<testsuite name="Test with backend" timestamp="2024-04-28T19:13:57" tests="1" time="5.437" failures="0">
  
  <testcase name="Test with backend Deleting a new article in global feed" time="5.421" classname="Deleting a new article in global feed"></testcase>
  
</testsuite>

</testsuites>